<?xml version="1.0" encoding="UTF-8"?>
<!-- Generated by org.testng.reporters.JUnitReportReporter -->
<testsuite hostname="LAPTOP-20SHTRE1" failures="0" tests="2" name="Reportgeneration.Reports.Reports" time="8.556" errors="0" timestamp="2021-12-28T10:12:53 IST" skipped="0">
  <testcase classname="Reportgeneration.Reports.Reports" name="url_check_1" time="2.330"/>
  <system-out/>
  <testcase classname="Reportgeneration.Reports.Reports" name="url_check" time="6.226"/>
  <system-out/>
</testsuite> <!-- Reportgeneration.Reports.Reports -->
